<?xml version="1.0" encoding="UTF-8"?>
<!-- Generated by org.testng.reporters.JUnitReportReporter -->
<testsuite skipped="0" hostname="WINCTRL-MV1D0A4" name="BasicSelenium.SeleniumClass1" tests="1" failures="0" timestamp="2019-10-11T21:45:34 IST" time="9.143" errors="0">
  <testcase name="login" time="9.143" classname="BasicSelenium.SeleniumClass1"/>
</testsuite> <!-- BasicSelenium.SeleniumClass1 -->
