<?xml version="1.0" encoding="UTF-8"?>
<!-- Generated by org.testng.reporters.JUnitReportReporter -->
<testsuite skipped="0" hostname="WINCTRL-MV1D0A4" name="BasicSelenium.SeleniumClass1" tests="1" failures="0" timestamp="2019-10-14T21:17:52 IST" time="31.039" errors="0">
  <testcase name="login" time="31.039" classname="BasicSelenium.SeleniumClass1"/>
</testsuite> <!-- BasicSelenium.SeleniumClass1 -->
